==================
WARNING: ThreadSanitizer: data race (pid=42475)
  Read of size 8 at 0x7ba800000050 by main thread:
    #0 monitor <null>:2 (philo:x86_64+0x100002a53)
    #1 create_philos <null>:2 (philo:x86_64+0x100002f27)
    #2 main <null>:2 (philo:x86_64+0x100003046)

  Previous write of size 8 at 0x7ba800000050 by thread T2 (mutexes: write M18, write M19):
    #0 routine <null>:2 (philo:x86_64+0x10000237c)

  Location is heap block of size 21024 at 0x7ba800000000 allocated by main thread:
    #0 malloc <null>:3 (libclang_rt.tsan_osx_dynamic.dylib:x86_64h+0x5239a)
    #1 main <null>:2 (philo:x86_64+0x100002fb9)

  Mutex M18 (0x7ba800001f98) created at:
    #0 pthread_mutex_init <null>:3 (libclang_rt.tsan_osx_dynamic.dylib:x86_64h+0x2e913)
    #1 mutex_init <null>:2 (philo:x86_64+0x10000163b)
    #2 data_init <null>:2 (philo:x86_64+0x1000019d4)
    #3 main <null>:2 (philo:x86_64+0x10000301e)

  Mutex M19 (0x7ba800001fd8) created at:
    #0 pthread_mutex_init <null>:3 (libclang_rt.tsan_osx_dynamic.dylib:x86_64h+0x2e913)
    #1 mutex_init <null>:2 (philo:x86_64+0x10000163b)
    #2 data_init <null>:2 (philo:x86_64+0x1000019d4)
    #3 main <null>:2 (philo:x86_64+0x10000301e)

  Thread T2 (tid=149400, running) created by main thread at:
    #0 pthread_create <null>:3 (libclang_rt.tsan_osx_dynamic.dylib:x86_64h+0x2d8fd)
    #1 create_philos <null>:2 (philo:x86_64+0x100002ef6)
    #2 main <null>:2 (philo:x86_64+0x100003046)

SUMMARY: ThreadSanitizer: data race (philo:x86_64+0x100002a53) in monitor+0x113
==================
ThreadSanitizer: reported 1 warnings
