==================
WARNING: ThreadSanitizer: data race (pid=15467)
  Read of size 4 at 0x7ba800000014 by thread T3 (mutexes: write M6046935995654104, write M6328410972364824):
    #0 print_stat <null>:2 (philo:x86_64+0x10000364f)
    #1 routine <null>:2 (philo:x86_64+0x100001c91)

  Previous write of size 4 at 0x7ba800000014 by main thread (mutexes: write M4921036088824280):
    #0 monitor <null>:2 (philo:x86_64+0x100003262)
    #1 create_philos <null>:2 (philo:x86_64+0x100003bd0)
    #2 main <null>:2 (philo:x86_64+0x1000020c6)

  As if synchronized via sleep:
    #0 usleep <null>:3 (libclang_rt.tsan_osx_dynamic.dylib:x86_64h+0x2c5ae)
    #1 ft_usleep <null>:2 (philo:x86_64+0x100003576)
    #2 routine <null>:2 (philo:x86_64+0x100001abe)

  Mutex M6046935995654104 is already destroyed.

  Mutex M6328410972364824 is already destroyed.

  Mutex M4921036088824280 is already destroyed.

  Thread T3 (tid=55623, running) created by main thread at:
    #0 pthread_create <null>:3 (libclang_rt.tsan_osx_dynamic.dylib:x86_64h+0x2d8fd)
    #1 creating <null>:2 (philo:x86_64+0x100003924)
    #2 create_philos <null>:2 (philo:x86_64+0x100003bb2)
    #3 main <null>:2 (philo:x86_64+0x1000020c6)

SUMMARY: ThreadSanitizer: data race (philo:x86_64+0x10000364f) in print_stat+0xbf
==================
==================
WARNING: ThreadSanitizer: data race (pid=15467)
  Read of size 4 at 0x7ba800000014 by thread T4 (mutexes: write M27):
    #0 print_stat <null>:2 (philo:x86_64+0x10000364f)
    #1 routine <null>:2 (philo:x86_64+0x1000016d7)

  Previous write of size 4 at 0x7ba800000014 by main thread (mutexes: write M4921036088824280):
    #0 monitor <null>:2 (philo:x86_64+0x100003262)
    #1 create_philos <null>:2 (philo:x86_64+0x100003bd0)
    #2 main <null>:2 (philo:x86_64+0x1000020c6)

  Mutex M27 (0x7ba800002018) created at:
    #0 pthread_mutex_unlock <null>:3 (libclang_rt.tsan_osx_dynamic.dylib:x86_64h+0x3d7ae)
    #1 routine <null>:2 (philo:x86_64+0x100001bd0)

  Mutex M4921036088824280 is already destroyed.

  Thread T4 (tid=55624, running) created by main thread at:
    #0 pthread_create <null>:3 (libclang_rt.tsan_osx_dynamic.dylib:x86_64h+0x2d8fd)
    #1 creating <null>:2 (philo:x86_64+0x100003924)
    #2 create_philos <null>:2 (philo:x86_64+0x100003bb2)
    #3 main <null>:2 (philo:x86_64+0x1000020c6)

SUMMARY: ThreadSanitizer: data race (philo:x86_64+0x10000364f) in print_stat+0xbf
==================
==================
WARNING: ThreadSanitizer: data race (pid=15467)
  Write of size 8 at 0x7ba800000050 by thread T2 (mutexes: write M30, write M26):
    #0 routine <null>:2 (philo:x86_64+0x100001957)

  Previous read of size 8 at 0x7ba800000050 by main thread (mutexes: write M5202511065534872):
    #0 monitor <null>:2 (philo:x86_64+0x1000031ca)
    #1 create_philos <null>:2 (philo:x86_64+0x100003bd0)
    #2 main <null>:2 (philo:x86_64+0x1000020c6)

  Mutex M30 (0x7ba800001f98) created at:
    #0 pthread_mutex_unlock <null>:3 (libclang_rt.tsan_osx_dynamic.dylib:x86_64h+0x3d7ae)
    #1 routine <null>:2 (philo:x86_64+0x100001bd0)

  Mutex M26 (0x7ba800001fd8) created at:
    #0 pthread_mutex_unlock <null>:3 (libclang_rt.tsan_osx_dynamic.dylib:x86_64h+0x3d7ae)
    #1 routine <null>:2 (philo:x86_64+0x100001b44)

  Mutex M5202511065534872 is already destroyed.

  Thread T2 (tid=55622, running) created by main thread at:
    #0 pthread_create <null>:3 (libclang_rt.tsan_osx_dynamic.dylib:x86_64h+0x2d8fd)
    #1 creating <null>:2 (philo:x86_64+0x100003924)
    #2 create_philos <null>:2 (philo:x86_64+0x100003bb2)
    #3 main <null>:2 (philo:x86_64+0x1000020c6)

SUMMARY: ThreadSanitizer: data race (philo:x86_64+0x100001957) in routine+0x667
==================
ThreadSanitizer: reported 3 warnings
